-------------------------------------------------------------------------------
Test set: com.challenge.mutant.filter.MutantFilterTest
-------------------------------------------------------------------------------
Tests run: 1, Failures: 0, Errors: 1, Skipped: 0, Time elapsed: 0.007 s <<< FAILURE! - in com.challenge.mutant.filter.MutantFilterTest
com.challenge.mutant.filter.MutantFilterTest  Time elapsed: 0.005 s  <<< ERROR!
org.junit.platform.commons.JUnitException: @BeforeAll method 'public void com.challenge.mutant.filter.MutantFilterTest.before()' must be static unless the test class is annotated with @TestInstance(Lifecycle.PER_CLASS).

